<?xml version="1.0" encoding="UTF-8"?>
<!-- Generated by org.testng.reporters.JUnitXMLReporter -->
<testsuite hostname="Ghawi" ignored="0" name="ToDoLIstTest" tests="1" failures="0" timestamp="2021-11-30T20:32:31 IST" time="0.013" errors="0">
  <testcase name="@BeforeClass startSession" time="0.005" classname="utilities.CommonOps">
    <failure type="java.lang.IllegalStateException" message="The driver executable does not exist: C:\Automation\electrondriver-v3.1.2-win32-x64\electrondriver.exe">
      <![CDATA[java.lang.IllegalStateException: The driver executable does not exist: C:\Automation\electrondriver-v3.1.2-win32-x64\electrondriver.exe
at com.google.common.base.Preconditions.checkState(Preconditions.java:585)
at org.openqa.selenium.remote.service.DriverService.checkExecutable(DriverService.java:146)
at org.openqa.selenium.remote.service.DriverService.findExecutable(DriverService.java:141)
at org.openqa.selenium.chrome.ChromeDriverService.access$000(ChromeDriverService.java:35)
at org.openqa.selenium.chrome.ChromeDriverService$Builder.findDefaultExecutable(ChromeDriverService.java:159)
at org.openqa.selenium.remote.service.DriverService$Builder.build(DriverService.java:355)
at org.openqa.selenium.chrome.ChromeDriverService.createDefaultService(ChromeDriverService.java:94)
at org.openqa.selenium.chrome.ChromeDriver.<init>(ChromeDriver.java:157)
at utilities.CommonOps.myElectronStarter(CommonOps.java:123)
at utilities.CommonOps.startSession(CommonOps.java:55)
at java.util.ArrayList.forEach(Unknown Source)
... Removed 29 stack frames]]>
    </failure>
  </testcase> <!-- @BeforeClass startSession -->
  <testcase name="@AfterMethod wait_seconds" time="-1.63829715111E9" classname="utilities.CommonOps">
    <skipped/>
  </testcase> <!-- @AfterMethod wait_seconds -->
  <testcase name="@AfterClass endSession" time="-1.638297151111E9" classname="utilities.CommonOps">
    <skipped/>
  </testcase> <!-- @AfterClass endSession -->
  <testcase name="test01" time="0.0" classname="testcases.ToDoLIstTestCases">
    <skipped/>
  </testcase> <!-- test01 -->
</testsuite> <!-- ToDoLIstTest -->
