{"uuid":"1e41cb6c-7456-4ea6-8b54-736cd15e81f8","historyId":"d59deba2a307da9cc20defd3281236b0","fullName":"testcases.GrafanaWebTestCases.createNewDashboard","labels":[{"name":"package","value":"testcases.GrafanaWebTestCases"},{"name":"testClass","value":"testcases.GrafanaWebTestCases"},{"name":"testMethod","value":"createNewDashboard"},{"name":"parentSuite","value":"Default Suite"},{"name":"suite","value":"Hackathon"},{"name":"subSuite","value":"testcases.GrafanaWebTestCases"},{"name":"host","value":"DESKTOP-H12PSKE"},{"name":"thread","value":"13276@DESKTOP-H12PSKE.main(1)"},{"name":"framework","value":"testng"},{"name":"language","value":"java"}],"links":[],"name":"createNewDashboard","status":"broken","statusDetails":{"known":false,"muted":false,"flaky":false,"message":"element click intercepted: Element <a class=\"css-lw75kt\" aria-label=\"Dashboards\" aria-haspopup=\"true\" href=\"/\">...</a> is not clickable at point (29, 207). Other element would receive the click: <div class=\"css-fxllif\"></div>\n  (Session info: chrome=96.0.4664.45)\nBuild info: version: '3.141.59', revision: 'e82be7d358', time: '2018-11-14T08:17:03'\nSystem info: host: 'DESKTOP-H12PSKE', ip: '10.100.102.11', os.name: 'Windows 10', os.arch: 'amd64', os.version: '10.0', java.version: '1.8.0_312'\nDriver info: org.openqa.selenium.chrome.ChromeDriver\nCapabilities {acceptInsecureCerts: false, browserName: chrome, browserVersion: 96.0.4664.45, chrome: {chromedriverVersion: 96.0.4664.45 (76e4c1bb2ab46..., userDataDir: C:\\Users\\GIL\\AppData\\Local\\...}, goog:chromeOptions: {debuggerAddress: localhost:56782}, javascriptEnabled: true, networkConnectionEnabled: false, pageLoadStrategy: normal, platform: WINDOWS, platformName: WINDOWS, proxy: Proxy(), setWindowRect: true, strictFileInteractability: false, timeouts: {implicit: 0, pageLoad: 300000, script: 30000}, unhandledPromptBehavior: dismiss and notify, webauthn:extension:credBlob: true, webauthn:extension:largeBlob: true, webauthn:virtualAuthenticators: true}\nSession ID: c436c42e78e742050a05dfb3f231b22c","trace":"org.openqa.selenium.ElementClickInterceptedException: element click intercepted: Element <a class=\"css-lw75kt\" aria-label=\"Dashboards\" aria-haspopup=\"true\" href=\"/\">...</a> is not clickable at point (29, 207). Other element would receive the click: <div class=\"css-fxllif\"></div>\n  (Session info: chrome=96.0.4664.45)\nBuild info: version: '3.141.59', revision: 'e82be7d358', time: '2018-11-14T08:17:03'\nSystem info: host: 'DESKTOP-H12PSKE', ip: '10.100.102.11', os.name: 'Windows 10', os.arch: 'amd64', os.version: '10.0', java.version: '1.8.0_312'\nDriver info: org.openqa.selenium.chrome.ChromeDriver\nCapabilities {acceptInsecureCerts: false, browserName: chrome, browserVersion: 96.0.4664.45, chrome: {chromedriverVersion: 96.0.4664.45 (76e4c1bb2ab46..., userDataDir: C:\\Users\\GIL\\AppData\\Local\\...}, goog:chromeOptions: {debuggerAddress: localhost:56782}, javascriptEnabled: true, networkConnectionEnabled: false, pageLoadStrategy: normal, platform: WINDOWS, platformName: WINDOWS, proxy: Proxy(), setWindowRect: true, strictFileInteractability: false, timeouts: {implicit: 0, pageLoad: 300000, script: 30000}, unhandledPromptBehavior: dismiss and notify, webauthn:extension:credBlob: true, webauthn:extension:largeBlob: true, webauthn:virtualAuthenticators: true}\nSession ID: c436c42e78e742050a05dfb3f231b22c\r\n\tat sun.reflect.NativeConstructorAccessorImpl.newInstance0(Native Method)\r\n\tat sun.reflect.NativeConstructorAccessorImpl.newInstance(NativeConstructorAccessorImpl.java:62)\r\n\tat sun.reflect.DelegatingConstructorAccessorImpl.newInstance(DelegatingConstructorAccessorImpl.java:45)\r\n\tat java.lang.reflect.Constructor.newInstance(Constructor.java:423)\r\n\tat org.openqa.selenium.remote.http.W3CHttpResponseCodec.createException(W3CHttpResponseCodec.java:187)\r\n\tat org.openqa.selenium.remote.http.W3CHttpResponseCodec.decode(W3CHttpResponseCodec.java:122)\r\n\tat org.openqa.selenium.remote.http.W3CHttpResponseCodec.decode(W3CHttpResponseCodec.java:49)\r\n\tat org.openqa.selenium.remote.HttpCommandExecutor.execute(HttpCommandExecutor.java:158)\r\n\tat org.openqa.selenium.remote.service.DriverCommandExecutor.execute(DriverCommandExecutor.java:83)\r\n\tat org.openqa.selenium.remote.RemoteWebDriver.execute(RemoteWebDriver.java:552)\r\n\tat org.openqa.selenium.remote.RemoteWebElement.execute(RemoteWebElement.java:285)\r\n\tat org.openqa.selenium.remote.RemoteWebElement.click(RemoteWebElement.java:84)\r\n\tat sun.reflect.NativeMethodAccessorImpl.invoke0(Native Method)\r\n\tat sun.reflect.NativeMethodAccessorImpl.invoke(NativeMethodAccessorImpl.java:62)\r\n\tat sun.reflect.DelegatingMethodAccessorImpl.invoke(DelegatingMethodAccessorImpl.java:43)\r\n\tat java.lang.reflect.Method.invoke(Method.java:498)\r\n\tat org.openqa.selenium.support.pagefactory.internal.LocatingElementHandler.invoke(LocatingElementHandler.java:51)\r\n\tat com.sun.proxy.$Proxy10.click(Unknown Source)\r\n\tat extensions.AllUiActions.clickOn(AllUiActions.java:33)\r\n\tat testcases.GrafanaWebTestCases.createNewDashboard(GrafanaWebTestCases.java:38)\r\n\tat sun.reflect.NativeMethodAccessorImpl.invoke0(Native Method)\r\n\tat sun.reflect.NativeMethodAccessorImpl.invoke(NativeMethodAccessorImpl.java:62)\r\n\tat sun.reflect.DelegatingMethodAccessorImpl.invoke(DelegatingMethodAccessorImpl.java:43)\r\n\tat java.lang.reflect.Method.invoke(Method.java:498)\r\n\tat org.testng.internal.MethodInvocationHelper.invokeMethod(MethodInvocationHelper.java:133)\r\n\tat org.testng.internal.TestInvoker.invokeMethod(TestInvoker.java:584)\r\n\tat org.testng.internal.TestInvoker.invokeTestMethod(TestInvoker.java:172)\r\n\tat org.testng.internal.MethodRunner.runInSequence(MethodRunner.java:46)\r\n\tat org.testng.internal.TestInvoker$MethodInvocationAgent.invoke(TestInvoker.java:804)\r\n\tat org.testng.internal.TestInvoker.invokeTestMethods(TestInvoker.java:145)\r\n\tat org.testng.internal.TestMethodWorker.invokeTestMethods(TestMethodWorker.java:146)\r\n\tat org.testng.internal.TestMethodWorker.run(TestMethodWorker.java:128)\r\n\tat java.util.ArrayList.forEach(ArrayList.java:1259)\r\n\tat org.testng.TestRunner.privateRun(TestRunner.java:770)\r\n\tat org.testng.TestRunner.run(TestRunner.java:591)\r\n\tat org.testng.SuiteRunner.runTest(SuiteRunner.java:402)\r\n\tat org.testng.SuiteRunner.runSequentially(SuiteRunner.java:396)\r\n\tat org.testng.SuiteRunner.privateRun(SuiteRunner.java:355)\r\n\tat org.testng.SuiteRunner.run(SuiteRunner.java:304)\r\n\tat org.testng.SuiteRunnerWorker.runSuite(SuiteRunnerWorker.java:53)\r\n\tat org.testng.SuiteRunnerWorker.run(SuiteRunnerWorker.java:96)\r\n\tat org.testng.TestNG.runSuitesSequentially(TestNG.java:1180)\r\n\tat org.testng.TestNG.runSuitesLocally(TestNG.java:1102)\r\n\tat org.testng.TestNG.runSuites(TestNG.java:1032)\r\n\tat org.testng.TestNG.run(TestNG.java:1000)\r\n\tat com.intellij.rt.testng.IDEARemoteTestNG.run(IDEARemoteTestNG.java:66)\r\n\tat com.intellij.rt.testng.RemoteTestNGStarter.main(RemoteTestNGStarter.java:109)\r\n"},"stage":"finished","steps":[{"name":"createNewDashboard","status":"passed","stage":"finished","steps":[{"name":"wait","status":"passed","stage":"finished","steps":[],"attachments":[],"parameters":[{"name":"seconds","value":"3"}],"start":1638289452150,"stop":1638289455156},{"name":"clickOn","status":"passed","stage":"finished","steps":[],"attachments":[],"parameters":[{"name":"element","value":"[[ChromeDriver: chrome on WINDOWS (c436c42e78e742050a05dfb3f231b22c)] -> xpath: /html/body/div/div/nav/div[2]/div[2]/a]"}],"start":1638289455184,"stop":1638289455335},{"name":"wait","status":"passed","stage":"finished","steps":[],"attachments":[],"parameters":[{"name":"seconds","value":"3"}],"start":1638289455335,"stop":1638289458339},{"name":"clickOn","status":"passed","stage":"finished","steps":[],"attachments":[],"parameters":[{"name":"element","value":"[[ChromeDriver: chrome on WINDOWS (c436c42e78e742050a05dfb3f231b22c)] -> xpath: //div[2]/div[1]/div[1]]"}],"start":1638289458376,"stop":1638289458767},{"name":"wait","status":"passed","stage":"finished","steps":[],"attachments":[],"parameters":[{"name":"seconds","value":"3"}],"start":1638289458767,"stop":1638289461768},{"name":"clickOn","status":"passed","stage":"finished","steps":[],"attachments":[],"parameters":[{"name":"element","value":"[[ChromeDriver: chrome on WINDOWS (c436c42e78e742050a05dfb3f231b22c)] -> xpath: //div[2]/div[1]/div[5]/button/div]"}],"start":1638289461813,"stop":1638289461913},{"name":"wait","status":"passed","stage":"finished","steps":[],"attachments":[],"parameters":[{"name":"seconds","value":"3"}],"start":1638289461913,"stop":1638289464928},{"name":"clearInput","status":"passed","stage":"finished","steps":[],"attachments":[],"parameters":[{"name":"element","value":"[[ChromeDriver: chrome on WINDOWS (c436c42e78e742050a05dfb3f231b22c)] -> xpath: //form/div[1]/div[2]/div/div/input]"}],"start":1638289464955,"stop":1638289465011},{"name":"wait","status":"passed","stage":"finished","steps":[],"attachments":[],"parameters":[{"name":"seconds","value":"3"}],"start":1638289465011,"stop":1638289468022},{"name":"SendKeys","status":"passed","stage":"finished","steps":[],"attachments":[],"parameters":[{"name":"element","value":"[[ChromeDriver: chrome on WINDOWS (c436c42e78e742050a05dfb3f231b22c)] -> xpath: //form/div[1]/div[2]/div/div/input]"},{"name":"value","value":"Dashboard1"}],"start":1638289468044,"stop":1638289468190},{"name":"wait","status":"passed","stage":"finished","steps":[],"attachments":[],"parameters":[{"name":"seconds","value":"2"}],"start":1638289468190,"stop":1638289470191},{"name":"clickOn","status":"passed","stage":"finished","steps":[],"attachments":[],"parameters":[{"name":"element","value":"[[ChromeDriver: chrome on WINDOWS (c436c42e78e742050a05dfb3f231b22c)] -> class name: css-aja5tg-button]"}],"start":1638289470245,"stop":1638289470339},{"name":"wait","status":"passed","stage":"finished","steps":[],"attachments":[],"parameters":[{"name":"seconds","value":"3"}],"start":1638289470340,"stop":1638289473341}],"attachments":[],"parameters":[{"name":"dashboardName","value":"Dashboard1"}],"start":1638289452148,"stop":1638289473341},{"name":"clickOn","status":"broken","statusDetails":{"known":false,"muted":false,"flaky":false,"message":"element click intercepted: Element <a class=\"css-lw75kt\" aria-label=\"Dashboards\" aria-haspopup=\"true\" href=\"/\">...</a> is not clickable at point (29, 207). Other element would receive the click: <div class=\"css-fxllif\"></div>\n  (Session info: chrome=96.0.4664.45)\nBuild info: version: '3.141.59', revision: 'e82be7d358', time: '2018-11-14T08:17:03'\nSystem info: host: 'DESKTOP-H12PSKE', ip: '10.100.102.11', os.name: 'Windows 10', os.arch: 'amd64', os.version: '10.0', java.version: '1.8.0_312'\nDriver info: org.openqa.selenium.chrome.ChromeDriver\nCapabilities {acceptInsecureCerts: false, browserName: chrome, browserVersion: 96.0.4664.45, chrome: {chromedriverVersion: 96.0.4664.45 (76e4c1bb2ab46..., userDataDir: C:\\Users\\GIL\\AppData\\Local\\...}, goog:chromeOptions: {debuggerAddress: localhost:56782}, javascriptEnabled: true, networkConnectionEnabled: false, pageLoadStrategy: normal, platform: WINDOWS, platformName: WINDOWS, proxy: Proxy(), setWindowRect: true, strictFileInteractability: false, timeouts: {implicit: 0, pageLoad: 300000, script: 30000}, unhandledPromptBehavior: dismiss and notify, webauthn:extension:credBlob: true, webauthn:extension:largeBlob: true, webauthn:virtualAuthenticators: true}\nSession ID: c436c42e78e742050a05dfb3f231b22c","trace":"org.openqa.selenium.ElementClickInterceptedException: element click intercepted: Element <a class=\"css-lw75kt\" aria-label=\"Dashboards\" aria-haspopup=\"true\" href=\"/\">...</a> is not clickable at point (29, 207). Other element would receive the click: <div class=\"css-fxllif\"></div>\n  (Session info: chrome=96.0.4664.45)\nBuild info: version: '3.141.59', revision: 'e82be7d358', time: '2018-11-14T08:17:03'\nSystem info: host: 'DESKTOP-H12PSKE', ip: '10.100.102.11', os.name: 'Windows 10', os.arch: 'amd64', os.version: '10.0', java.version: '1.8.0_312'\nDriver info: org.openqa.selenium.chrome.ChromeDriver\nCapabilities {acceptInsecureCerts: false, browserName: chrome, browserVersion: 96.0.4664.45, chrome: {chromedriverVersion: 96.0.4664.45 (76e4c1bb2ab46..., userDataDir: C:\\Users\\GIL\\AppData\\Local\\...}, goog:chromeOptions: {debuggerAddress: localhost:56782}, javascriptEnabled: true, networkConnectionEnabled: false, pageLoadStrategy: normal, platform: WINDOWS, platformName: WINDOWS, proxy: Proxy(), setWindowRect: true, strictFileInteractability: false, timeouts: {implicit: 0, pageLoad: 300000, script: 30000}, unhandledPromptBehavior: dismiss and notify, webauthn:extension:credBlob: true, webauthn:extension:largeBlob: true, webauthn:virtualAuthenticators: true}\nSession ID: c436c42e78e742050a05dfb3f231b22c\r\n\tat sun.reflect.NativeConstructorAccessorImpl.newInstance0(Native Method)\r\n\tat sun.reflect.NativeConstructorAccessorImpl.newInstance(NativeConstructorAccessorImpl.java:62)\r\n\tat sun.reflect.DelegatingConstructorAccessorImpl.newInstance(DelegatingConstructorAccessorImpl.java:45)\r\n\tat java.lang.reflect.Constructor.newInstance(Constructor.java:423)\r\n\tat org.openqa.selenium.remote.http.W3CHttpResponseCodec.createException(W3CHttpResponseCodec.java:187)\r\n\tat org.openqa.selenium.remote.http.W3CHttpResponseCodec.decode(W3CHttpResponseCodec.java:122)\r\n\tat org.openqa.selenium.remote.http.W3CHttpResponseCodec.decode(W3CHttpResponseCodec.java:49)\r\n\tat org.openqa.selenium.remote.HttpCommandExecutor.execute(HttpCommandExecutor.java:158)\r\n\tat org.openqa.selenium.remote.service.DriverCommandExecutor.execute(DriverCommandExecutor.java:83)\r\n\tat org.openqa.selenium.remote.RemoteWebDriver.execute(RemoteWebDriver.java:552)\r\n\tat org.openqa.selenium.remote.RemoteWebElement.execute(RemoteWebElement.java:285)\r\n\tat org.openqa.selenium.remote.RemoteWebElement.click(RemoteWebElement.java:84)\r\n\tat sun.reflect.NativeMethodAccessorImpl.invoke0(Native Method)\r\n\tat sun.reflect.NativeMethodAccessorImpl.invoke(NativeMethodAccessorImpl.java:62)\r\n\tat sun.reflect.DelegatingMethodAccessorImpl.invoke(DelegatingMethodAccessorImpl.java:43)\r\n\tat java.lang.reflect.Method.invoke(Method.java:498)\r\n\tat org.openqa.selenium.support.pagefactory.internal.LocatingElementHandler.invoke(LocatingElementHandler.java:51)\r\n\tat com.sun.proxy.$Proxy10.click(Unknown Source)\r\n\tat extensions.AllUiActions.clickOn(AllUiActions.java:33)\r\n\tat testcases.GrafanaWebTestCases.createNewDashboard(GrafanaWebTestCases.java:38)\r\n\tat sun.reflect.NativeMethodAccessorImpl.invoke0(Native Method)\r\n\tat sun.reflect.NativeMethodAccessorImpl.invoke(NativeMethodAccessorImpl.java:62)\r\n\tat sun.reflect.DelegatingMethodAccessorImpl.invoke(DelegatingMethodAccessorImpl.java:43)\r\n\tat java.lang.reflect.Method.invoke(Method.java:498)\r\n\tat org.testng.internal.MethodInvocationHelper.invokeMethod(MethodInvocationHelper.java:133)\r\n\tat org.testng.internal.TestInvoker.invokeMethod(TestInvoker.java:584)\r\n\tat org.testng.internal.TestInvoker.invokeTestMethod(TestInvoker.java:172)\r\n\tat org.testng.internal.MethodRunner.runInSequence(MethodRunner.java:46)\r\n\tat org.testng.internal.TestInvoker$MethodInvocationAgent.invoke(TestInvoker.java:804)\r\n\tat org.testng.internal.TestInvoker.invokeTestMethods(TestInvoker.java:145)\r\n\tat org.testng.internal.TestMethodWorker.invokeTestMethods(TestMethodWorker.java:146)\r\n\tat org.testng.internal.TestMethodWorker.run(TestMethodWorker.java:128)\r\n\tat java.util.ArrayList.forEach(ArrayList.java:1259)\r\n\tat org.testng.TestRunner.privateRun(TestRunner.java:770)\r\n\tat org.testng.TestRunner.run(TestRunner.java:591)\r\n\tat org.testng.SuiteRunner.runTest(SuiteRunner.java:402)\r\n\tat org.testng.SuiteRunner.runSequentially(SuiteRunner.java:396)\r\n\tat org.testng.SuiteRunner.privateRun(SuiteRunner.java:355)\r\n\tat org.testng.SuiteRunner.run(SuiteRunner.java:304)\r\n\tat org.testng.SuiteRunnerWorker.runSuite(SuiteRunnerWorker.java:53)\r\n\tat org.testng.SuiteRunnerWorker.run(SuiteRunnerWorker.java:96)\r\n\tat org.testng.TestNG.runSuitesSequentially(TestNG.java:1180)\r\n\tat org.testng.TestNG.runSuitesLocally(TestNG.java:1102)\r\n\tat org.testng.TestNG.runSuites(TestNG.java:1032)\r\n\tat org.testng.TestNG.run(TestNG.java:1000)\r\n\tat com.intellij.rt.testng.IDEARemoteTestNG.run(IDEARemoteTestNG.java:66)\r\n\tat com.intellij.rt.testng.RemoteTestNGStarter.main(RemoteTestNGStarter.java:109)\r\n"},"stage":"finished","steps":[],"attachments":[],"parameters":[{"name":"element","value":"[[ChromeDriver: chrome on WINDOWS (c436c42e78e742050a05dfb3f231b22c)] -> xpath: /html/body/div/div/nav/div[2]/div[3]/a]"}],"start":1638289473381,"stop":1638289474511}],"attachments":[],"parameters":[],"start":1638289452136,"stop":1638289474524}