<?xml version="1.0" encoding="UTF-8"?>
<!-- Generated by org.testng.reporters.JUnitXMLReporter -->
<testsuite hostname="Ghawi" ignored="0" name="GrafanaApiTest" tests="3" failures="3" timestamp="2021-11-30T22:38:33 IST" time="13.772" errors="0">
  <testcase name="test02_post" time="1.544" classname="testcases.GrafanaApiTestCases">
    <failure type="java.lang.AssertionError">
      <![CDATA[java.lang.AssertionError: 
at testcases.GrafanaApiTestCases.test02_post(GrafanaApiTestCases.java:22)
at java.util.ArrayList.forEach(Unknown Source)
... Removed 34 stack frames]]>
    </failure>
  </testcase> <!-- test02_post -->
  <testcase name="test03_delete" time="0.114" classname="testcases.GrafanaApiTestCases">
    <failure type="java.lang.AssertionError">
      <![CDATA[java.lang.AssertionError: 
at testcases.GrafanaApiTestCases.test03_delete(GrafanaApiTestCases.java:30)
at java.util.ArrayList.forEach(Unknown Source)
... Removed 34 stack frames]]>
    </failure>
  </testcase> <!-- test03_delete -->
  <testcase name="test04_update" time="0.041" classname="testcases.GrafanaApiTestCases">
    <failure type="java.lang.AssertionError" message="did not expect to find [true] but found [false]">
      <![CDATA[java.lang.AssertionError: did not expect to find [true] but found [false]
at testcases.GrafanaApiTestCases.test04_update(GrafanaApiTestCases.java:37)
at java.util.ArrayList.forEach(Unknown Source)
... Removed 35 stack frames]]>
    </failure>
  </testcase> <!-- test04_update -->
</testsuite> <!-- GrafanaApiTest -->
