<?xml version="1.0" encoding="UTF-8"?>
<!-- Generated by org.testng.reporters.JUnitReportReporter -->
<testsuite skipped="5" hostname="Ghawi" name="testcases.GrafanaWebTestCases" tests="6" failures="0" timestamp="2021-12-03T15:03:47 IST" time="4.733" errors="1">
  <testcase name="startSession" time="4.733" classname="testcases.GrafanaWebTestCases">
    <error type="java.sql.SQLSyntaxErrorException" message="You have an error in your SQL syntax; check the manual that corresponds to your MySQL server version for the right syntax to use near &#039;&quot;select * from login&quot;&#039; at line 1">
      <![CDATA[java.sql.SQLSyntaxErrorException: You have an error in your SQL syntax; check the manual that corresponds to your MySQL server version for the right syntax to use near '"select * from login"' at line 1
at com.mysql.cj.jdbc.exceptions.SQLError.createSQLException(SQLError.java:120)
at com.mysql.cj.jdbc.exceptions.SQLError.createSQLException(SQLError.java:97)
at com.mysql.cj.jdbc.exceptions.SQLExceptionsMapping.translateException(SQLExceptionsMapping.java:122)
at com.mysql.cj.jdbc.StatementImpl.executeQuery(StatementImpl.java:1218)
at utilities.ManageDb.myDB(ManageDb.java:16)
at utilities.CommonOps.myWebStarter(CommonOps.java:82)
at utilities.CommonOps.startSession(CommonOps.java:45)
at sun.reflect.NativeMethodAccessorImpl.invoke0(Native Method)
at sun.reflect.NativeMethodAccessorImpl.invoke(Unknown Source)
at sun.reflect.DelegatingMethodAccessorImpl.invoke(Unknown Source)
at java.lang.reflect.Method.invoke(Unknown Source)
at org.testng.internal.MethodInvocationHelper.invokeMethod(MethodInvocationHelper.java:133)
at org.testng.internal.MethodInvocationHelper.invokeMethodConsideringTimeout(MethodInvocationHelper.java:62)
at org.testng.internal.ConfigInvoker.invokeConfigurationMethod(ConfigInvoker.java:340)
at org.testng.internal.ConfigInvoker.invokeConfigurations(ConfigInvoker.java:294)
at org.testng.internal.TestMethodWorker.invokeBeforeClassMethods(TestMethodWorker.java:176)
at org.testng.internal.TestMethodWorker.run(TestMethodWorker.java:122)
at java.util.ArrayList.forEach(Unknown Source)
at org.testng.TestRunner.privateRun(TestRunner.java:770)
at org.testng.TestRunner.run(TestRunner.java:591)
at org.testng.SuiteRunner.runTest(SuiteRunner.java:402)
at org.testng.SuiteRunner.runSequentially(SuiteRunner.java:396)
at org.testng.SuiteRunner.privateRun(SuiteRunner.java:355)
at org.testng.SuiteRunner.run(SuiteRunner.java:304)
at org.testng.SuiteRunnerWorker.runSuite(SuiteRunnerWorker.java:53)
at org.testng.SuiteRunnerWorker.run(SuiteRunnerWorker.java:96)
at org.testng.TestNG.runSuitesSequentially(TestNG.java:1180)
at org.testng.TestNG.runSuitesLocally(TestNG.java:1102)
at org.testng.TestNG.runSuites(TestNG.java:1032)
at org.testng.TestNG.run(TestNG.java:1000)
at org.apache.maven.surefire.testng.TestNGExecutor.run(TestNGExecutor.java:283)
at org.apache.maven.surefire.testng.TestNGXmlTestSuite.execute(TestNGXmlTestSuite.java:75)
at org.apache.maven.surefire.testng.TestNGProvider.invoke(TestNGProvider.java:120)
at org.apache.maven.surefire.booter.ForkedBooter.invokeProviderInSameClassLoader(ForkedBooter.java:384)
at org.apache.maven.surefire.booter.ForkedBooter.runSuitesInProcess(ForkedBooter.java:345)
at org.apache.maven.surefire.booter.ForkedBooter.execute(ForkedBooter.java:126)
at org.apache.maven.surefire.booter.ForkedBooter.main(ForkedBooter.java:418)
]]>
    </error>
  </testcase> <!-- startSession -->
  <testcase name="login" time="0.000" classname="testcases.GrafanaWebTestCases">
    <skipped/>
  </testcase> <!-- login -->
  <testcase name="createNewDashboard" time="0.000" classname="testcases.GrafanaWebTestCases">
    <skipped/>
  </testcase> <!-- createNewDashboard -->
  <testcase name="searchDashboardNotExist" time="0.000" classname="testcases.GrafanaWebTestCases">
    <skipped/>
  </testcase> <!-- searchDashboardNotExist -->
  <testcase name="homePageLogo" time="0.000" classname="testcases.GrafanaWebTestCases">
    <skipped/>
  </testcase> <!-- homePageLogo -->
  <testcase name="verifyDashboardName" time="0.000" classname="testcases.GrafanaWebTestCases">
    <skipped/>
  </testcase> <!-- verifyDashboardName -->
</testsuite> <!-- testcases.GrafanaWebTestCases -->
