{
  "uid" : "6186ef8fd4fa0dc6",
  "name" : "Update",
  "fullName" : "testcases.GrafanaApiTestCases.test02_update",
  "historyId" : "c52e257d43201f95def1dbd6c6d98e1a",
  "time" : {
    "start" : 1638440809963,
    "stop" : 1638440812090,
    "duration" : 2127
  },
  "description" : "update password for user",
  "descriptionHtml" : "<p>update password for user</p>\n",
  "status" : "failed",
  "statusMessage" : "",
  "statusTrace" : "java.lang.AssertionError: \r\n\tat org.testng.AssertJUnit.fail(AssertJUnit.java:47)\r\n\tat org.testng.AssertJUnit.assertTrue(AssertJUnit.java:20)\r\n\tat org.testng.AssertJUnit.assertTrue(AssertJUnit.java:26)\r\n\tat extensions.Verifications.verifyTrue(Verifications.java:25)\r\n\tat testcases.GrafanaApiTestCases.test02_update(GrafanaApiTestCases.java:34)\r\n\tat sun.reflect.NativeMethodAccessorImpl.invoke0(Native Method)\r\n\tat sun.reflect.NativeMethodAccessorImpl.invoke(NativeMethodAccessorImpl.java:62)\r\n\tat sun.reflect.DelegatingMethodAccessorImpl.invoke(DelegatingMethodAccessorImpl.java:43)\r\n\tat java.lang.reflect.Method.invoke(Method.java:498)\r\n\tat org.testng.internal.MethodInvocationHelper.invokeMethod(MethodInvocationHelper.java:133)\r\n\tat org.testng.internal.TestInvoker.invokeMethod(TestInvoker.java:584)\r\n\tat org.testng.internal.TestInvoker.invokeTestMethod(TestInvoker.java:172)\r\n\tat org.testng.internal.MethodRunner.runInSequence(MethodRunner.java:46)\r\n\tat org.testng.internal.TestInvoker$MethodInvocationAgent.invoke(TestInvoker.java:804)\r\n\tat org.testng.internal.TestInvoker.invokeTestMethods(TestInvoker.java:145)\r\n\tat org.testng.internal.TestMethodWorker.invokeTestMethods(TestMethodWorker.java:146)\r\n\tat org.testng.internal.TestMethodWorker.run(TestMethodWorker.java:128)\r\n\tat java.util.ArrayList.forEach(ArrayList.java:1249)\r\n\tat org.testng.TestRunner.privateRun(TestRunner.java:770)\r\n\tat org.testng.TestRunner.run(TestRunner.java:591)\r\n\tat org.testng.SuiteRunner.runTest(SuiteRunner.java:402)\r\n\tat org.testng.SuiteRunner.runSequentially(SuiteRunner.java:396)\r\n\tat org.testng.SuiteRunner.privateRun(SuiteRunner.java:355)\r\n\tat org.testng.SuiteRunner.run(SuiteRunner.java:304)\r\n\tat org.testng.SuiteRunnerWorker.runSuite(SuiteRunnerWorker.java:53)\r\n\tat org.testng.SuiteRunnerWorker.run(SuiteRunnerWorker.java:96)\r\n\tat org.testng.TestNG.runSuitesSequentially(TestNG.java:1180)\r\n\tat org.testng.TestNG.runSuitesLocally(TestNG.java:1102)\r\n\tat org.testng.TestNG.runSuites(TestNG.java:1032)\r\n\tat org.testng.TestNG.run(TestNG.java:1000)\r\n\tat com.intellij.rt.testng.IDEARemoteTestNG.run(IDEARemoteTestNG.java:66)\r\n\tat com.intellij.rt.testng.RemoteTestNGStarter.main(RemoteTestNGStarter.java:109)\r\n",
  "flaky" : false,
  "newFailed" : false,
  "newBroken" : false,
  "newPassed" : false,
  "retriesCount" : 0,
  "retriesStatusChange" : false,
  "beforeStages" : [ {
    "name" : "startSession",
    "time" : {
      "start" : 1638440808295,
      "stop" : 1638440809814,
      "duration" : 1519
    },
    "description" : "",
    "status" : "passed",
    "steps" : [ {
      "name" : "init API",
      "time" : {
        "start" : 1638440808346,
        "stop" : 1638440809812,
        "duration" : 1466
      },
      "status" : "passed",
      "steps" : [ ],
      "attachments" : [ ],
      "parameters" : [ ],
      "stepsCount" : 0,
      "hasContent" : false,
      "shouldDisplayMessage" : false,
      "attachmentsCount" : 0
    } ],
    "attachments" : [ ],
    "parameters" : [ ],
    "stepsCount" : 1,
    "hasContent" : true,
    "shouldDisplayMessage" : false,
    "attachmentsCount" : 0
  } ],
  "testStage" : {
    "description" : "update password for user",
    "status" : "failed",
    "statusMessage" : "",
    "statusTrace" : "java.lang.AssertionError: \r\n\tat org.testng.AssertJUnit.fail(AssertJUnit.java:47)\r\n\tat org.testng.AssertJUnit.assertTrue(AssertJUnit.java:20)\r\n\tat org.testng.AssertJUnit.assertTrue(AssertJUnit.java:26)\r\n\tat extensions.Verifications.verifyTrue(Verifications.java:25)\r\n\tat testcases.GrafanaApiTestCases.test02_update(GrafanaApiTestCases.java:34)\r\n\tat sun.reflect.NativeMethodAccessorImpl.invoke0(Native Method)\r\n\tat sun.reflect.NativeMethodAccessorImpl.invoke(NativeMethodAccessorImpl.java:62)\r\n\tat sun.reflect.DelegatingMethodAccessorImpl.invoke(DelegatingMethodAccessorImpl.java:43)\r\n\tat java.lang.reflect.Method.invoke(Method.java:498)\r\n\tat org.testng.internal.MethodInvocationHelper.invokeMethod(MethodInvocationHelper.java:133)\r\n\tat org.testng.internal.TestInvoker.invokeMethod(TestInvoker.java:584)\r\n\tat org.testng.internal.TestInvoker.invokeTestMethod(TestInvoker.java:172)\r\n\tat org.testng.internal.MethodRunner.runInSequence(MethodRunner.java:46)\r\n\tat org.testng.internal.TestInvoker$MethodInvocationAgent.invoke(TestInvoker.java:804)\r\n\tat org.testng.internal.TestInvoker.invokeTestMethods(TestInvoker.java:145)\r\n\tat org.testng.internal.TestMethodWorker.invokeTestMethods(TestMethodWorker.java:146)\r\n\tat org.testng.internal.TestMethodWorker.run(TestMethodWorker.java:128)\r\n\tat java.util.ArrayList.forEach(ArrayList.java:1249)\r\n\tat org.testng.TestRunner.privateRun(TestRunner.java:770)\r\n\tat org.testng.TestRunner.run(TestRunner.java:591)\r\n\tat org.testng.SuiteRunner.runTest(SuiteRunner.java:402)\r\n\tat org.testng.SuiteRunner.runSequentially(SuiteRunner.java:396)\r\n\tat org.testng.SuiteRunner.privateRun(SuiteRunner.java:355)\r\n\tat org.testng.SuiteRunner.run(SuiteRunner.java:304)\r\n\tat org.testng.SuiteRunnerWorker.runSuite(SuiteRunnerWorker.java:53)\r\n\tat org.testng.SuiteRunnerWorker.run(SuiteRunnerWorker.java:96)\r\n\tat org.testng.TestNG.runSuitesSequentially(TestNG.java:1180)\r\n\tat org.testng.TestNG.runSuitesLocally(TestNG.java:1102)\r\n\tat org.testng.TestNG.runSuites(TestNG.java:1032)\r\n\tat org.testng.TestNG.run(TestNG.java:1000)\r\n\tat com.intellij.rt.testng.IDEARemoteTestNG.run(IDEARemoteTestNG.java:66)\r\n\tat com.intellij.rt.testng.RemoteTestNGStarter.main(RemoteTestNGStarter.java:109)\r\n",
    "steps" : [ {
      "name" : "update password",
      "time" : {
        "start" : 1638440809984,
        "stop" : 1638440812053,
        "duration" : 2069
      },
      "status" : "passed",
      "steps" : [ {
        "name" : "put api",
        "time" : {
          "start" : 1638440809998,
          "stop" : 1638440811890,
          "duration" : 1892
        },
        "status" : "passed",
        "steps" : [ ],
        "attachments" : [ ],
        "parameters" : [ {
          "name" : "url",
          "value" : "/users"
        }, {
          "name" : "Id",
          "value" : "0"
        }, {
          "name" : "password",
          "value" : "11111"
        } ],
        "stepsCount" : 0,
        "hasContent" : true,
        "shouldDisplayMessage" : false,
        "attachmentsCount" : 0
      } ],
      "attachments" : [ ],
      "parameters" : [ {
        "name" : "url",
        "value" : "/users"
      }, {
        "name" : "Id",
        "value" : "0"
      }, {
        "name" : "password",
        "value" : "11111"
      } ],
      "stepsCount" : 1,
      "hasContent" : true,
      "shouldDisplayMessage" : false,
      "attachmentsCount" : 0
    }, {
      "name" : "verify true",
      "time" : {
        "start" : 1638440812069,
        "stop" : 1638440812073,
        "duration" : 4
      },
      "status" : "failed",
      "statusMessage" : "",
      "statusTrace" : "java.lang.AssertionError: \r\n\tat org.testng.AssertJUnit.fail(AssertJUnit.java:47)\r\n\tat org.testng.AssertJUnit.assertTrue(AssertJUnit.java:20)\r\n\tat org.testng.AssertJUnit.assertTrue(AssertJUnit.java:26)\r\n\tat extensions.Verifications.verifyTrue(Verifications.java:25)\r\n\tat testcases.GrafanaApiTestCases.test02_update(GrafanaApiTestCases.java:34)\r\n\tat sun.reflect.NativeMethodAccessorImpl.invoke0(Native Method)\r\n\tat sun.reflect.NativeMethodAccessorImpl.invoke(NativeMethodAccessorImpl.java:62)\r\n\tat sun.reflect.DelegatingMethodAccessorImpl.invoke(DelegatingMethodAccessorImpl.java:43)\r\n\tat java.lang.reflect.Method.invoke(Method.java:498)\r\n\tat org.testng.internal.MethodInvocationHelper.invokeMethod(MethodInvocationHelper.java:133)\r\n\tat org.testng.internal.TestInvoker.invokeMethod(TestInvoker.java:584)\r\n\tat org.testng.internal.TestInvoker.invokeTestMethod(TestInvoker.java:172)\r\n\tat org.testng.internal.MethodRunner.runInSequence(MethodRunner.java:46)\r\n\tat org.testng.internal.TestInvoker$MethodInvocationAgent.invoke(TestInvoker.java:804)\r\n\tat org.testng.internal.TestInvoker.invokeTestMethods(TestInvoker.java:145)\r\n\tat org.testng.internal.TestMethodWorker.invokeTestMethods(TestMethodWorker.java:146)\r\n\tat org.testng.internal.TestMethodWorker.run(TestMethodWorker.java:128)\r\n\tat java.util.ArrayList.forEach(ArrayList.java:1249)\r\n\tat org.testng.TestRunner.privateRun(TestRunner.java:770)\r\n\tat org.testng.TestRunner.run(TestRunner.java:591)\r\n\tat org.testng.SuiteRunner.runTest(SuiteRunner.java:402)\r\n\tat org.testng.SuiteRunner.runSequentially(SuiteRunner.java:396)\r\n\tat org.testng.SuiteRunner.privateRun(SuiteRunner.java:355)\r\n\tat org.testng.SuiteRunner.run(SuiteRunner.java:304)\r\n\tat org.testng.SuiteRunnerWorker.runSuite(SuiteRunnerWorker.java:53)\r\n\tat org.testng.SuiteRunnerWorker.run(SuiteRunnerWorker.java:96)\r\n\tat org.testng.TestNG.runSuitesSequentially(TestNG.java:1180)\r\n\tat org.testng.TestNG.runSuitesLocally(TestNG.java:1102)\r\n\tat org.testng.TestNG.runSuites(TestNG.java:1032)\r\n\tat org.testng.TestNG.run(TestNG.java:1000)\r\n\tat com.intellij.rt.testng.IDEARemoteTestNG.run(IDEARemoteTestNG.java:66)\r\n\tat com.intellij.rt.testng.RemoteTestNGStarter.main(RemoteTestNGStarter.java:109)\r\n",
      "steps" : [ ],
      "attachments" : [ ],
      "parameters" : [ {
        "name" : "condition",
        "value" : "false"
      } ],
      "stepsCount" : 0,
      "hasContent" : true,
      "shouldDisplayMessage" : true,
      "attachmentsCount" : 0
    } ],
    "attachments" : [ ],
    "parameters" : [ ],
    "stepsCount" : 3,
    "hasContent" : true,
    "shouldDisplayMessage" : false,
    "attachmentsCount" : 0
  },
  "afterStages" : [ {
    "name" : "wait_seconds",
    "time" : {
      "start" : 1638440812258,
      "stop" : 1638440815283,
      "duration" : 3025
    },
    "description" : "",
    "status" : "passed",
    "steps" : [ {
      "name" : "waiting n seconds",
      "time" : {
        "start" : 1638440812273,
        "stop" : 1638440815283,
        "duration" : 3010
      },
      "status" : "passed",
      "steps" : [ ],
      "attachments" : [ ],
      "parameters" : [ {
        "name" : "seconds",
        "value" : "3"
      } ],
      "stepsCount" : 0,
      "hasContent" : true,
      "shouldDisplayMessage" : false,
      "attachmentsCount" : 0
    } ],
    "attachments" : [ ],
    "parameters" : [ ],
    "stepsCount" : 1,
    "hasContent" : true,
    "shouldDisplayMessage" : false,
    "attachmentsCount" : 0
  }, {
    "name" : "endSession",
    "time" : {
      "start" : 1638440819126,
      "stop" : 1638440819126,
      "duration" : 0
    },
    "description" : "",
    "status" : "passed",
    "steps" : [ ],
    "attachments" : [ ],
    "parameters" : [ ],
    "stepsCount" : 0,
    "hasContent" : false,
    "shouldDisplayMessage" : false,
    "attachmentsCount" : 0
  } ],
  "labels" : [ {
    "name" : "package",
    "value" : "testcases.GrafanaApiTestCases"
  }, {
    "name" : "testClass",
    "value" : "testcases.GrafanaApiTestCases"
  }, {
    "name" : "testMethod",
    "value" : "test02_update"
  }, {
    "name" : "parentSuite",
    "value" : "SuiteAPI"
  }, {
    "name" : "suite",
    "value" : "GrafanaApiTest"
  }, {
    "name" : "subSuite",
    "value" : "testcases.GrafanaApiTestCases"
  }, {
    "name" : "host",
    "value" : "AYALA-R-5981"
  }, {
    "name" : "thread",
    "value" : "17696@AYALA-R-5981.main(1)"
  }, {
    "name" : "framework",
    "value" : "testng"
  }, {
    "name" : "language",
    "value" : "java"
  }, {
    "name" : "resultFormat",
    "value" : "allure2"
  } ],
  "parameters" : [ {
    "name" : "OrgId",
    "value" : "1"
  }, {
    "name" : "email",
    "value" : "useradmin@gmail.com"
  }, {
    "name" : "login",
    "value" : "useradmin"
  }, {
    "name" : "name",
    "value" : "useradmin"
  }, {
    "name" : "newPassword",
    "value" : "11111"
  }, {
    "name" : "password",
    "value" : "123456"
  }, {
    "name" : "platform",
    "value" : "restAssured"
  } ],
  "links" : [ ],
  "hidden" : true,
  "retry" : true,
  "extra" : {
    "categories" : [ ],
    "tags" : [ ]
  },
  "source" : "6186ef8fd4fa0dc6.json",
  "parameterValues" : [ "1", "useradmin@gmail.com", "useradmin", "useradmin", "11111", "123456", "restAssured" ]
}